[23:10:59] [ServerMain/INFO]: [bootstrap] Running Java 21 (OpenJDK 64-Bit Server VM 21.0.8+9-LTS; Microsoft Microsoft-11933218) on Windows 10 10.0 (amd64)
[23:10:59] [ServerMain/INFO]: [bootstrap] Loading Paper 1.21-130-master@b1b5d4c (2024-08-10T10:02:42Z) for Minecraft 1.21
[23:11:00] [ServerMain/INFO]: [PluginInitializerManager] Initializing plugins...
[23:11:00] [Paper Plugin Remapper Thread - 2/INFO]: [PluginRemapper] Remapping plugin 'C:\Users\teus\Documents\Github repos\HGPlugin\hardcoregames\build\libs\hardcoregames-1.0.0.jar'...
[23:11:01] [Paper Plugin Remapper Thread - 2/INFO]: [PluginRemapper] Done remapping plugin 'C:\Users\teus\Documents\Github repos\HGPlugin\hardcoregames\build\libs\hardcoregames-1.0.0.jar' in 917ms.
[23:11:01] [ServerMain/INFO]: [PluginInitializerManager] Initialized 1 plugin
[23:11:01] [ServerMain/INFO]: [PluginInitializerManager] Bukkit plugins (1):
 - HardcoreGamesPlugin (1.0.0)
[23:11:07] [ServerMain/INFO]: Environment: Environment[sessionHost=https://sessionserver.mojang.com, servicesHost=https://api.minecraftservices.com, name=PROD]
[23:11:07] [ServerMain/INFO]: Found new data pack file/bukkit, loading it automatically
[23:11:07] [ServerMain/INFO]: Found new data pack paper, loading it automatically
[23:11:09] [ServerMain/INFO]: No existing world data, creating new world
[23:11:10] [ServerMain/INFO]: Loaded 1290 recipes
[23:11:10] [ServerMain/INFO]: Loaded 1399 advancements
[23:11:10] [Server thread/INFO]: Starting minecraft server version 1.21
[23:11:10] [Server thread/INFO]: Loading properties
[23:11:10] [Server thread/INFO]: This server is running Paper version 1.21-130-master@b1b5d4c (2024-08-10T10:02:42Z) (Implementing API version 1.21-R0.1-SNAPSHOT)
[23:11:12] [Server thread/INFO]: [spark] This server bundles the spark profiler. For more information please visit https://docs.papermc.io/paper/profiling
[23:11:12] [Server thread/INFO]: Server Ping Player Sample Count: 12
[23:11:12] [Server thread/INFO]: Using 4 threads for Netty based IO
[23:11:13] [Server thread/INFO]: [ChunkTaskScheduler] Chunk system is using 1 I/O threads, 1 worker threads, and population gen parallelism of 1 threads
[23:11:13] [Server thread/INFO]: Default game type: SURVIVAL
[23:11:13] [Server thread/INFO]: Generating keypair
[23:11:13] [Server thread/INFO]: Starting Minecraft server on *:25565
[23:11:13] [Server thread/INFO]: Using default channel type
[23:11:13] [Server thread/INFO]: Paper: Using Java compression from Velocity.
[23:11:13] [Server thread/INFO]: Paper: Using Java cipher from Velocity.
[23:11:14] [Server thread/INFO]: [HardcoreGamesPlugin] Loading server plugin HardcoreGamesPlugin v1.0.0
[23:11:14] [Server thread/INFO]: Preparing level "world"
[23:11:27] [Server thread/INFO]: Preparing start region for dimension minecraft:overworld
[23:11:33] [Server thread/INFO]: Time elapsed: 6417 ms
[23:11:33] [Server thread/INFO]: Preparing start region for dimension minecraft:the_nether
[23:11:36] [Server thread/INFO]: Time elapsed: 2700 ms
[23:11:36] [Server thread/INFO]: Preparing start region for dimension minecraft:the_end
[23:11:36] [Server thread/INFO]: Time elapsed: 655 ms
[23:11:36] [Server thread/INFO]: [HardcoreGamesPlugin] Enabling HardcoreGamesPlugin v1.0.0
[23:11:36] [Server thread/INFO]: [HardcoreGames] Plugin iniciado!
[23:11:36] [Server thread/INFO]: [HardcoreGames] Iniciando geração do mundo!
[23:11:43] [Server thread/INFO]: Preparing start region for dimension minecraft:hg_world
[23:11:52] [Server thread/INFO]: Time elapsed: 8163 ms
[23:11:52] [Server thread/INFO]: [HardcoreGames] Adicionando cogumelos.
[23:11:52] [Server thread/INFO]: [HardcoreGames] Setando configurações de clima e tempo.
[23:11:52] [Server thread/INFO]: Geração do mundo demorou: 15195 ms para rodar.
[23:11:52] [Server thread/INFO]: [spark] Starting background profiler...
[23:11:52] [Server thread/INFO]: [spark] The async-profiler engine is not supported for your os/arch (windows10/amd64), so the built-in Java engine will be used instead.
[23:11:52] [Server thread/INFO]: Done preparing level "world" (38.152s)
[23:11:52] [Server thread/INFO]: Running delayed init tasks
[23:11:52] [Server thread/INFO]: Done (54.389s)! For help, type "help"
[23:11:52] [Server thread/INFO]: *************************************************************************************
[23:11:52] [Server thread/INFO]: This is the first time you're starting this server.
[23:11:52] [Server thread/INFO]: It's recommended you read our 'Getting Started' documentation for guidance.
[23:11:52] [Server thread/INFO]: View this and more helpful information here: https://docs.papermc.io/paper/next-steps
[23:11:52] [Server thread/INFO]: *************************************************************************************
[23:11:52] [Server thread/INFO]: Timings Reset
[23:11:54] [Server thread/INFO]: [HardcoreGames] Gerando bordas.
[23:11:57] [Server thread/WARN]: Can't keep up! Is the server overloaded? Running 3536ms or 70 ticks behind
[23:12:33] [Server thread/INFO]: [HardcoreGames] Parede finalizada!
[23:12:34] [Server thread/WARN]: Can't keep up! Is the server overloaded? Running 22146ms or 442 ticks behind
[23:12:43] [Server thread/INFO]: [Not Secure] [Server] a
[23:12:47] [Server thread/INFO]: Stopping the server
[23:12:47] [Server thread/INFO]: Stopping server
[23:12:47] [Server thread/INFO]: [HardcoreGamesPlugin] Disabling HardcoreGamesPlugin v1.0.0
[23:12:47] [Server thread/INFO]: [HardcoreGamesPlugin] Plugin finalizado!
[23:12:47] [Server thread/INFO]: Saving players
[23:12:47] [Server thread/INFO]: Saving worlds
[23:12:47] [Server thread/INFO]: Saving chunks for level 'ServerLevel[world]'/minecraft:overworld
[23:12:47] [Server thread/INFO]: [ChunkHolderManager] Waiting 60s for chunk system to halt for world 'world'
[23:12:47] [Server thread/INFO]: [ChunkHolderManager] Halted chunk system for world 'world'
[23:12:47] [Server thread/INFO]: [ChunkHolderManager] Saving all chunkholders for world 'world'
[23:12:48] [Server thread/INFO]: [ChunkHolderManager] Saved 841 block chunks, 49 entity chunks, 0 poi chunks in world 'world' in 0,64s
[23:12:48] [Server thread/INFO]: Saving chunks for level 'ServerLevel[world_nether]'/minecraft:the_nether
[23:12:48] [Server thread/INFO]: [ChunkHolderManager] Waiting 60s for chunk system to halt for world 'world_nether'
[23:12:48] [Server thread/INFO]: [ChunkHolderManager] Halted chunk system for world 'world_nether'
[23:12:48] [Server thread/INFO]: [ChunkHolderManager] Saving all chunkholders for world 'world_nether'
[23:12:49] [Server thread/INFO]: [ChunkHolderManager] Saved 841 block chunks, 49 entity chunks, 0 poi chunks in world 'world_nether' in 0,57s
[23:12:49] [Server thread/INFO]: Saving chunks for level 'ServerLevel[world_the_end]'/minecraft:the_end
[23:12:49] [Server thread/INFO]: [ChunkHolderManager] Waiting 60s for chunk system to halt for world 'world_the_end'
[23:12:49] [Server thread/INFO]: [ChunkHolderManager] Halted chunk system for world 'world_the_end'
[23:12:49] [Server thread/INFO]: [ChunkHolderManager] Saving all chunkholders for world 'world_the_end'
[23:12:50] [Server thread/INFO]: [ChunkHolderManager] Saved 841 block chunks, 49 entity chunks, 0 poi chunks in world 'world_the_end' in 1,28s
[23:12:50] [Server thread/INFO]: Saving chunks for level 'ServerLevel[hg_world]'/minecraft:hg_world
[23:12:50] [Server thread/INFO]: [ChunkHolderManager] Waiting 60s for chunk system to halt for world 'hg_world'
[23:12:50] [Server thread/INFO]: [ChunkHolderManager] Halted chunk system for world 'hg_world'
[23:12:50] [Server thread/INFO]: [ChunkHolderManager] Saving all chunkholders for world 'hg_world'
[23:12:51] [Server thread/INFO]: [ChunkHolderManager] Saved 841 block chunks, 49 entity chunks, 5 poi chunks in world 'hg_world' in 0,86s
[23:12:51] [Server thread/INFO]: ThreadedAnvilChunkStorage (world): All chunks are saved
[23:12:51] [Server thread/INFO]: ThreadedAnvilChunkStorage (DIM-1): All chunks are saved
[23:12:51] [Server thread/INFO]: ThreadedAnvilChunkStorage (DIM1): All chunks are saved
[23:12:51] [Server thread/INFO]: ThreadedAnvilChunkStorage (hg_world): All chunks are saved
[23:12:51] [Server thread/INFO]: ThreadedAnvilChunkStorage: All dimensions are saved
